# JRE version: OpenJDK Runtime Environment (8.0_152-b02) (build 1.8.0_152-release-1024-b02)
# Java VM: OpenJDK 64-Bit Server VM (25.152-b02 mixed mode windows-amd64 compressed oops)
Heap:
 PSYoungGen      total 273408K, used 137073K [0x00000000e0000000, 0x00000000f1d00000, 0x0000000100000000)
  eden space 257024K, 53% used [0x00000000e0000000,0x00000000e85dc4c0,0x00000000efb00000)
  from space 16384K, 0% used [0x00000000f0d00000,0x00000000f0d00000,0x00000000f1d00000)
  to   space 17408K, 0% used [0x00000000efb00000,0x00000000efb00000,0x00000000f0c00000)
 ParOldGen       total 92672K, used 37252K [0x00000000a0000000, 0x00000000a5a80000, 0x00000000e0000000)
  object space 92672K, 40% used [0x00000000a0000000,0x00000000a2461060,0x00000000a5a80000)
 Metaspace       used 60958K, capacity 62734K, committed 63064K, reserved 1103872K
  class space    used 8052K, capacity 8496K, committed 8576K, reserved 1048576K
GC Heap History (10 events):
Event: 14.265 GC heap before
{Heap before GC invocations=11 (full 2):
 PSYoungGen      total 119296K, used 5508K [0x00000000e0000000, 0x00000000ebd80000, 0x0000000100000000)
  eden space 107520K, 0% used [0x00000000e0000000,0x00000000e0000000,0x00000000e6900000)
  from space 11776K, 46% used [0x00000000e6900000,0x00000000e6e61088,0x00000000e7480000)
  to   space 11776K, 0% used [0x00000000eb200000,0x00000000eb200000,0x00000000ebd80000)
 ParOldGen       total 51200K, used 10808K [0x00000000a0000000, 0x00000000a3200000, 0x00000000e0000000)
  object space 51200K, 21% used [0x00000000a0000000,0x00000000a0a8e058,0x00000000a3200000)
 Metaspace       used 34783K, capacity 35298K, committed 35416K, reserved 1079296K
  class space    used 4767K, capacity 4955K, committed 4992K, reserved 1048576K
Event: 14.327 GC heap after
Heap after GC invocations=11 (full 2):
 PSYoungGen      total 119296K, used 0K [0x00000000e0000000, 0x00000000ebd80000, 0x0000000100000000)
  eden space 107520K, 0% used [0x00000000e0000000,0x00000000e0000000,0x00000000e6900000)
  from space 11776K, 0% used [0x00000000e6900000,0x00000000e6900000,0x00000000e7480000)
  to   space 11776K, 0% used [0x00000000eb200000,0x00000000eb200000,0x00000000ebd80000)
 ParOldGen       total 58368K, used 13964K [0x00000000a0000000, 0x00000000a3900000, 0x00000000e0000000)
  object space 58368K, 23% used [0x00000000a0000000,0x00000000a0da3018,0x00000000a3900000)
 Metaspace       used 34783K, capacity 35298K, committed 35416K, reserved 1079296K
  class space    used 4767K, capacity 4955K, committed 4992K, reserved 1048576K
}
Event: 15.528 GC heap before
{Heap before GC invocations=12 (full 2):
 PSYoungGen      total 119296K, used 107520K [0x00000000e0000000, 0x00000000ebd80000, 0x0000000100000000)
  eden space 107520K, 100% used [0x00000000e0000000,0x00000000e6900000,0x00000000e6900000)
  from space 11776K, 0% used [0x00000000e6900000,0x00000000e6900000,0x00000000e7480000)
  to   space 11776K, 0% used [0x00000000eb200000,0x00000000eb200000,0x00000000ebd80000)
 ParOldGen       total 58368K, used 13964K [0x00000000a0000000, 0x00000000a3900000, 0x00000000e0000000)
  object space 58368K, 23% used [0x00000000a0000000,0x00000000a0da3018,0x00000000a3900000)
 Metaspace       used 41032K, capacity 41840K, committed 41944K, reserved 1085440K
  class space    used 5606K, capacity 5857K, committed 5888K, reserved 1048576K
Event: 15.540 GC heap after
Heap after GC invocations=12 (full 2):
 PSYoungGen      total 178688K, used 11775K [0x00000000e0000000, 0x00000000ebd80000, 0x0000000100000000)
  eden space 166912K, 0% used [0x00000000e0000000,0x00000000e0000000,0x00000000ea300000)
  from space 11776K, 99% used [0x00000000eb200000,0x00000000ebd7fe90,0x00000000ebd80000)
  to   space 12800K, 0% used [0x00000000ea480000,0x00000000ea480000,0x00000000eb100000)
 ParOldGen       total 58368K, used 13972K [0x00000000a0000000, 0x00000000a3900000, 0x00000000e0000000)
  object space 58368K, 23% used [0x00000000a0000000,0x00000000a0da5018,0x00000000a3900000)
 Metaspace       used 41032K, capacity 41840K, committed 41944K, reserved 1085440K
  class space    used 5606K, capacity 5857K, committed 5888K, reserved 1048576K
}
Event: 17.400 GC heap before
{Heap before GC invocations=13 (full 2):
 PSYoungGen      total 178688K, used 178687K [0x00000000e0000000, 0x00000000ebd80000, 0x0000000100000000)
  eden space 166912K, 100% used [0x00000000e0000000,0x00000000ea300000,0x00000000ea300000)
  from space 11776K, 99% used [0x00000000eb200000,0x00000000ebd7fe90,0x00000000ebd80000)
  to   space 12800K, 0% used [0x00000000ea480000,0x00000000ea480000,0x00000000eb100000)
 ParOldGen       total 58368K, used 13972K [0x00000000a0000000, 0x00000000a3900000, 0x00000000e0000000)
  object space 58368K, 23% used [0x00000000a0000000,0x00000000a0da5018,0x00000000a3900000)
 Metaspace       used 52402K, capacity 53922K, committed 54104K, reserved 1095680K
  class space    used 7159K, capacity 7518K, committed 7552K, reserved 1048576K
Event: 17.423 GC heap after
Heap after GC invocations=13 (full 2):
 PSYoungGen      total 181248K, used 12796K [0x00000000e0000000, 0x00000000f1e80000, 0x0000000100000000)
  eden space 168448K, 0% used [0x00000000e0000000,0x00000000e0000000,0x00000000ea480000)
  from space 12800K, 99% used [0x00000000ea480000,0x00000000eb0ff110,0x00000000eb100000)
  to   space 17920K, 0% used [0x00000000f0d00000,0x00000000f0d00000,0x00000000f1e80000)
 ParOldGen       total 58368K, used 23712K [0x00000000a0000000, 0x00000000a3900000, 0x00000000e0000000)
  object space 58368K, 40% used [0x00000000a0000000,0x00000000a1728090,0x00000000a3900000)
 Metaspace       used 52402K, capacity 53922K, committed 54104K, reserved 1095680K
  class space    used 7159K, capacity 7518K, committed 7552K, reserved 1048576K
}
Event: 19.896 GC heap before
{Heap before GC invocations=14 (full 2):
 PSYoungGen      total 181248K, used 78713K [0x00000000e0000000, 0x00000000f1e80000, 0x0000000100000000)
  eden space 168448K, 39% used [0x00000000e0000000,0x00000000e405f368,0x00000000ea480000)
  from space 12800K, 99% used [0x00000000ea480000,0x00000000eb0ff110,0x00000000eb100000)
  to   space 17920K, 0% used [0x00000000f0d00000,0x00000000f0d00000,0x00000000f1e80000)
 ParOldGen       total 58368K, used 23712K [0x00000000a0000000, 0x00000000a3900000, 0x00000000e0000000)
  object space 58368K, 40% used [0x00000000a0000000,0x00000000a1728090,0x00000000a3900000)
 Metaspace       used 57458K, capacity 58930K, committed 59028K, reserved 1099776K
  class space    used 7821K, capacity 8180K, committed 8192K, reserved 1048576K
Event: 19.910 GC heap after
Heap after GC invocations=14 (full 2):
 PSYoungGen      total 273408K, used 9362K [0x00000000e0000000, 0x00000000f1d00000, 0x0000000100000000)
  eden space 257024K, 0% used [0x00000000e0000000,0x00000000e0000000,0x00000000efb00000)
  from space 16384K, 57% used [0x00000000f0d00000,0x00000000f1624ad0,0x00000000f1d00000)
  to   space 17408K, 0% used [0x00000000efb00000,0x00000000efb00000,0x00000000f0c00000)
 ParOldGen       total 58368K, used 30878K [0x00000000a0000000, 0x00000000a3900000, 0x00000000e0000000)
  object space 58368K, 52% used [0x00000000a0000000,0x00000000a1e27970,0x00000000a3900000)
 Metaspace       used 57458K, capacity 58930K, committed 59028K, reserved 1099776K
  class space    used 7821K, capacity 8180K, committed 8192K, reserved 1048576K
}
Event: 19.910 GC heap before
{Heap before GC invocations=15 (full 3):
 PSYoungGen      total 273408K, used 9362K [0x00000000e0000000, 0x00000000f1d00000, 0x0000000100000000)
  eden space 257024K, 0% used [0x00000000e0000000,0x00000000e0000000,0x00000000efb00000)
  from space 16384K, 57% used [0x00000000f0d00000,0x00000000f1624ad0,0x00000000f1d00000)
  to   space 17408K, 0% used [0x00000000efb00000,0x00000000efb00000,0x00000000f0c00000)
 ParOldGen       total 58368K, used 30878K [0x00000000a0000000, 0x00000000a3900000, 0x00000000e0000000)
  object space 58368K, 52% used [0x00000000a0000000,0x00000000a1e27970,0x00000000a3900000)
 Metaspace       used 57458K, capacity 58930K, committed 59028K, reserved 1099776K
  class space    used 7821K, capacity 8180K, committed 8192K, reserved 1048576K
Event: 20.160 GC heap after
Heap after GC invocations=15 (full 3):
 PSYoungGen      total 273408K, used 0K [0x00000000e0000000, 0x00000000f1d00000, 0x0000000100000000)
  eden space 257024K, 0% used [0x00000000e0000000,0x00000000e0000000,0x00000000efb00000)
  from space 16384K, 0% used [0x00000000f0d00000,0x00000000f0d00000,0x00000000f1d00000)
  to   space 17408K, 0% used [0x00000000efb00000,0x00000000efb00000,0x00000000f0c00000)
 ParOldGen       total 92672K, used 37252K [0x00000000a0000000, 0x00000000a5a80000, 0x00000000e0000000)
  object space 92672K, 40% used [0x00000000a0000000,0x00000000a2461060,0x00000000a5a80000)
 Metaspace       used 57458K, capacity 58930K, committed 59028K, reserved 1099776K
  class space    used 7821K, capacity 8180K, committed 8192K, reserved 1048576K
}

